{"level":"\u001b[31merror\u001b[39m","message":"\u001b[31mEmail already Exist\u001b[39m"}
{"level":"\u001b[32minfo\u001b[39m","message":"\u001b[32mSuccessfully registered\u001b[39m"}
{"level":"\u001b[32minfo\u001b[39m","message":"\u001b[32mSuccessfully registered\u001b[39m"}
{"level":"\u001b[31merror\u001b[39m","message":"\u001b[31mEmail already Exist\u001b[39m"}
{"level":"info","message":"Successfully registered"}
{"level":"error","message":"Email already Exist"}
{"level":"info","message":"Successfully registered"}
{"level":"info","message":"Successfully registered"}
{"level":"info","message":"Successfully registered"}
{"level":"info","message":"Successfully registered"}
{"level":"info","message":"Successfully registered"}
{"level":"info","message":"Successfully registered"}
{"level":"error","message":"Email already Exist"}
{"level":"error","message":"Email already Exist"}
{"level":"error","message":"Email already Exist"}
{"level":"error","message":"Email already Exist"}
{"level":"error","message":"Email already Exist"}
{"level":"error","message":"Email already Exist"}
{"level":"info","message":"Successfully registered"}
{"level":"info","message":"Successfully registered"}
{"level":"info","message":"Sucessfully get the student "}
{"level":"info","message":"Sucessfully get the student "}
{"level":"info","message":"Sucessfully get the student "}
{"level":"info","message":"Sucessfully get the student "}
{"level":"info","message":"Sucessfully get the student "}
{"level":"info","message":"Sucessfully get the student "}
{"level":"info","message":"Sucessfully get the student "}
{"level":"info","message":"Sucessfully get the student "}
{"level":"info","message":"Sucessfully get the student "}
{"level":"info","message":"Sucessfully get the student "}
{"level":"info","message":"Sucessfully get the student "}
{"level":"info","message":"Sucessfully get the student "}
{"level":"info","message":"Sucessfully get the student "}
